current directory: D:/RQ/Kuliah/UNPAS/Server/course_app/bundler/ruby/3.2.0/gems/date-3.3.4/ext/date
C:/Ruby32-x64/bin/ruby.exe extconf.rb
checking for rb_category_warn()... yes
checking for timezone in time.h with  -Werror... no
checking for altzone in time.h with  -Werror... no
creating Makefile

current directory: D:/RQ/Kuliah/UNPAS/Server/course_app/bundler/ruby/3.2.0/gems/date-3.3.4/ext/date
make DESTDIR\= sitearchdir\=./.gem.20241007-21072-snfzf1 sitelibdir\=./.gem.20241007-21072-snfzf1 clean

current directory: D:/RQ/Kuliah/UNPAS/Server/course_app/bundler/ruby/3.2.0/gems/date-3.3.4/ext/date
make DESTDIR\= sitearchdir\=./.gem.20241007-21072-snfzf1 sitelibdir\=./.gem.20241007-21072-snfzf1
generating date_core-x64-mingw-ucrt.def
compiling date_core.c
compiling date_parse.c
compiling date_strftime.c
compiling date_strptime.c
linking shared-object date_core.so

current directory: D:/RQ/Kuliah/UNPAS/Server/course_app/bundler/ruby/3.2.0/gems/date-3.3.4/ext/date
make DESTDIR\= sitearchdir\=./.gem.20241007-21072-snfzf1 sitelibdir\=./.gem.20241007-21072-snfzf1 install
/usr/bin/install -c -m 0755 date_core.so ./.gem.20241007-21072-snfzf1

current directory: D:/RQ/Kuliah/UNPAS/Server/course_app/bundler/ruby/3.2.0/gems/date-3.3.4/ext/date
make DESTDIR\= sitearchdir\=./.gem.20241007-21072-snfzf1 sitelibdir\=./.gem.20241007-21072-snfzf1 clean
