current directory: D:/RQ/Kuliah/UNPAS/Server/course_app/bundler/ruby/3.2.0/gems/puma-6.4.3/ext/puma_http11
C:/Ruby32-x64/bin/ruby.exe extconf.rb
checking for whether -fstack-protector-strong -D_FORTIFY_SOURCE=2 is accepted as CFLAGS... yes
checking for whether -fstack-protector-strong -l:libssp.a is accepted as LDFLAGS... yes
checking for -lssp... yes
checking for BIO_read() in -llibcrypto... no
checking for BIO_read() in -lcrypto... no
checking for BIO_read() in -llibeay32... no
** Puma will be compiled without SSL support
creating Makefile

current directory: D:/RQ/Kuliah/UNPAS/Server/course_app/bundler/ruby/3.2.0/gems/puma-6.4.3/ext/puma_http11
make DESTDIR\= sitearchdir\=./.gem.20241007-21072-2h7e3z sitelibdir\=./.gem.20241007-21072-2h7e3z clean

current directory: D:/RQ/Kuliah/UNPAS/Server/course_app/bundler/ruby/3.2.0/gems/puma-6.4.3/ext/puma_http11
make DESTDIR\= sitearchdir\=./.gem.20241007-21072-2h7e3z sitelibdir\=./.gem.20241007-21072-2h7e3z
generating puma_http11-x64-mingw-ucrt.def
compiling http11_parser.c
compiling mini_ssl.c
compiling puma_http11.c
linking shared-object puma/puma_http11.so

current directory: D:/RQ/Kuliah/UNPAS/Server/course_app/bundler/ruby/3.2.0/gems/puma-6.4.3/ext/puma_http11
make DESTDIR\= sitearchdir\=./.gem.20241007-21072-2h7e3z sitelibdir\=./.gem.20241007-21072-2h7e3z install
/usr/bin/install -c -m 0755 puma_http11.so ./.gem.20241007-21072-2h7e3z/puma

current directory: D:/RQ/Kuliah/UNPAS/Server/course_app/bundler/ruby/3.2.0/gems/puma-6.4.3/ext/puma_http11
make DESTDIR\= sitearchdir\=./.gem.20241007-21072-2h7e3z sitelibdir\=./.gem.20241007-21072-2h7e3z clean
